mode: set
github.com/Testzyler/banking-api/app/entities/auth.go:15.44,17.2 1 0
github.com/Testzyler/banking-api/app/entities/auth.go:68.45,70.2 1 0
github.com/Testzyler/banking-api/app/entities/common.go:14.45,16.2 1 0
github.com/Testzyler/banking-api/app/entities/user.go:13.46,15.2 1 0
github.com/Testzyler/banking-api/main.go:9.13,12.2 2 0
github.com/Testzyler/banking-api/app/models/account.go:18.35,20.2 1 0
github.com/Testzyler/banking-api/app/models/account.go:28.42,30.2 1 0
github.com/Testzyler/banking-api/app/models/account.go:40.41,42.2 1 0
github.com/Testzyler/banking-api/app/models/account.go:56.39,58.2 1 0
github.com/Testzyler/banking-api/app/models/banner.go:13.34,15.2 1 0
github.com/Testzyler/banking-api/app/models/debit_card.go:13.37,15.2 1 0
github.com/Testzyler/banking-api/app/models/debit_card.go:23.43,25.2 1 0
github.com/Testzyler/banking-api/app/models/debit_card.go:34.43,36.2 1 0
github.com/Testzyler/banking-api/app/models/debit_card.go:45.43,47.2 1 0
github.com/Testzyler/banking-api/app/models/transaction.go:13.39,15.2 1 0
github.com/Testzyler/banking-api/app/models/user.go:23.32,25.2 1 0
github.com/Testzyler/banking-api/app/models/user.go:32.40,34.2 1 0
github.com/Testzyler/banking-api/app/models/user.go:47.35,49.2 1 0
github.com/Testzyler/banking-api/cmd/cmd.go:12.47,14.3 1 0
github.com/Testzyler/banking-api/cmd/cmd.go:18.16,19.38 1 0
github.com/Testzyler/banking-api/cmd/cmd.go:19.38,21.3 1 0
github.com/Testzyler/banking-api/cmd/cmd.go:26.13,28.2 1 0
github.com/Testzyler/banking-api/cmd/migrate.go:16.54,22.17 3 0
github.com/Testzyler/banking-api/cmd/migrate.go:22.17,24.4 1 0
github.com/Testzyler/banking-api/cmd/migrate.go:25.3,29.44 3 0
github.com/Testzyler/banking-api/cmd/migrate.go:29.44,31.4 1 0
github.com/Testzyler/banking-api/cmd/migrate.go:33.3,34.13 2 0
github.com/Testzyler/banking-api/cmd/migrate.go:38.13,40.2 1 0
github.com/Testzyler/banking-api/cmd/serve_api.go:24.47,39.57 5 0
github.com/Testzyler/banking-api/cmd/serve_api.go:39.57,40.56 1 0
github.com/Testzyler/banking-api/cmd/serve_api.go:42.3,54.10 7 0
github.com/Testzyler/banking-api/cmd/serve_api.go:55.22,56.67 1 0
github.com/Testzyler/banking-api/cmd/serve_api.go:57.21,58.48 1 0
github.com/Testzyler/banking-api/cmd/serve_api.go:62.3,63.27 2 0
github.com/Testzyler/banking-api/cmd/serve_api.go:63.27,65.4 1 0
github.com/Testzyler/banking-api/cmd/serve_api.go:66.3,70.13 4 0
github.com/Testzyler/banking-api/cmd/serve_api.go:70.13,73.25 3 0
github.com/Testzyler/banking-api/cmd/serve_api.go:73.25,74.49 1 0
github.com/Testzyler/banking-api/cmd/serve_api.go:74.49,76.6 1 0
github.com/Testzyler/banking-api/cmd/serve_api.go:79.4,79.13 1 0
github.com/Testzyler/banking-api/cmd/serve_api.go:82.3,83.10 2 0
github.com/Testzyler/banking-api/cmd/serve_api.go:84.27,85.59 1 0
github.com/Testzyler/banking-api/cmd/serve_api.go:86.29,89.14 2 0
github.com/Testzyler/banking-api/cmd/serve_api.go:94.13,96.2 1 0
github.com/Testzyler/banking-api/cmd/serve_api.go:98.65,100.12 2 0
github.com/Testzyler/banking-api/cmd/serve_api.go:100.12,106.17 5 0
github.com/Testzyler/banking-api/cmd/serve_api.go:106.17,109.4 2 0
github.com/Testzyler/banking-api/config/config.go:87.40,88.17 1 0
github.com/Testzyler/banking-api/config/config.go:88.17,90.3 1 0
github.com/Testzyler/banking-api/config/config.go:91.2,91.15 1 0
github.com/Testzyler/banking-api/config/config.go:96.41,97.19 1 0
github.com/Testzyler/banking-api/config/config.go:97.19,99.3 1 0
github.com/Testzyler/banking-api/config/config.go:99.8,104.3 4 0
github.com/Testzyler/banking-api/config/config.go:106.2,111.45 4 0
github.com/Testzyler/banking-api/config/config.go:111.45,113.3 1 0
github.com/Testzyler/banking-api/config/config.go:114.2,163.3 1 0
github.com/Testzyler/banking-api/config/config.go:166.26,168.2 1 0
github.com/Testzyler/banking-api/app/features/auth/handler/auth_handler.go:15.71,25.2 6 0
github.com/Testzyler/banking-api/app/features/auth/handler/auth_handler.go:27.57,29.16 2 1
github.com/Testzyler/banking-api/app/features/auth/handler/auth_handler.go:29.16,31.3 1 1
github.com/Testzyler/banking-api/app/features/auth/handler/auth_handler.go:33.2,37.4 1 1
github.com/Testzyler/banking-api/app/features/auth/handler/auth_handler.go:40.53,42.46 2 1
github.com/Testzyler/banking-api/app/features/auth/handler/auth_handler.go:42.46,44.3 1 1
github.com/Testzyler/banking-api/app/features/auth/handler/auth_handler.go:46.2,46.42 1 1
github.com/Testzyler/banking-api/app/features/auth/handler/auth_handler.go:46.42,48.3 1 1
github.com/Testzyler/banking-api/app/features/auth/handler/auth_handler.go:50.2,51.16 2 1
github.com/Testzyler/banking-api/app/features/auth/handler/auth_handler.go:51.16,53.3 1 1
github.com/Testzyler/banking-api/app/features/auth/handler/auth_handler.go:55.2,59.4 1 1
github.com/Testzyler/banking-api/app/features/auth/handler/auth_handler.go:62.56,64.43 2 1
github.com/Testzyler/banking-api/app/features/auth/handler/auth_handler.go:64.43,70.3 1 1
github.com/Testzyler/banking-api/app/features/auth/handler/auth_handler.go:72.2,73.16 2 1
github.com/Testzyler/banking-api/app/features/auth/handler/auth_handler.go:73.16,74.61 1 1
github.com/Testzyler/banking-api/app/features/auth/handler/auth_handler.go:74.61,76.4 1 1
github.com/Testzyler/banking-api/app/features/auth/handler/auth_handler.go:78.3,82.5 1 1
github.com/Testzyler/banking-api/app/features/auth/handler/auth_handler.go:85.2,89.4 1 1
github.com/Testzyler/banking-api/app/features/auth/handler/auth_handler.go:92.60,94.43 2 1
github.com/Testzyler/banking-api/app/features/auth/handler/auth_handler.go:94.43,99.3 1 1
github.com/Testzyler/banking-api/app/features/auth/handler/auth_handler.go:101.2,101.68 1 1
github.com/Testzyler/banking-api/app/features/auth/handler/auth_handler.go:101.68,102.61 1 1
github.com/Testzyler/banking-api/app/features/auth/handler/auth_handler.go:102.61,104.4 1 1
github.com/Testzyler/banking-api/app/features/auth/handler/auth_handler.go:105.3,109.5 1 1
github.com/Testzyler/banking-api/app/features/auth/handler/auth_handler.go:112.2,115.4 1 1
github.com/Testzyler/banking-api/database/migrations/001_add_mock_data.go:17.36,19.22 2 0
github.com/Testzyler/banking-api/database/migrations/001_add_mock_data.go:19.22,21.4 1 0
github.com/Testzyler/banking-api/database/migrations/001_add_mock_data.go:23.3,23.16 1 0
github.com/Testzyler/banking-api/database/migrations/001_add_mock_data.go:23.16,24.32 1 0
github.com/Testzyler/banking-api/database/migrations/001_add_mock_data.go:24.32,26.5 1 0
github.com/Testzyler/banking-api/database/migrations/001_add_mock_data.go:29.3,31.17 3 0
github.com/Testzyler/banking-api/database/migrations/001_add_mock_data.go:31.17,33.4 1 0
github.com/Testzyler/banking-api/database/migrations/001_add_mock_data.go:35.3,35.30 1 0
github.com/Testzyler/banking-api/database/migrations/001_add_mock_data.go:35.30,36.63 1 0
github.com/Testzyler/banking-api/database/migrations/001_add_mock_data.go:36.63,40.19 4 0
github.com/Testzyler/banking-api/database/migrations/001_add_mock_data.go:40.19,43.6 2 0
github.com/Testzyler/banking-api/database/migrations/001_add_mock_data.go:47.3,47.27 1 0
github.com/Testzyler/banking-api/database/migrations/001_add_mock_data.go:51.57,53.16 2 0
github.com/Testzyler/banking-api/database/migrations/001_add_mock_data.go:53.16,55.3 1 0
github.com/Testzyler/banking-api/database/migrations/001_add_mock_data.go:57.2,58.34 2 0
github.com/Testzyler/banking-api/database/migrations/001_add_mock_data.go:58.34,60.3 1 0
github.com/Testzyler/banking-api/database/migrations/001_add_mock_data.go:63.2,65.39 2 0
github.com/Testzyler/banking-api/database/migrations/001_add_mock_data.go:65.39,67.22 2 0
github.com/Testzyler/banking-api/database/migrations/001_add_mock_data.go:67.22,68.12 1 0
github.com/Testzyler/banking-api/database/migrations/001_add_mock_data.go:71.3,72.17 2 0
github.com/Testzyler/banking-api/database/migrations/001_add_mock_data.go:72.17,74.4 1 0
github.com/Testzyler/banking-api/database/migrations/001_add_mock_data.go:77.2,77.12 1 0
github.com/Testzyler/banking-api/database/migrations/001_add_mock_data.go:80.13,82.2 1 0
github.com/Testzyler/banking-api/database/migrations/002_create_user_pin.go:16.36,18.3 1 0
github.com/Testzyler/banking-api/database/migrations/002_create_user_pin.go:21.47,22.69 1 0
github.com/Testzyler/banking-api/database/migrations/002_create_user_pin.go:22.69,24.3 1 0
github.com/Testzyler/banking-api/database/migrations/002_create_user_pin.go:25.2,29.16 4 0
github.com/Testzyler/banking-api/database/migrations/002_create_user_pin.go:29.16,31.3 1 0
github.com/Testzyler/banking-api/database/migrations/002_create_user_pin.go:32.2,33.87 2 0
github.com/Testzyler/banking-api/database/migrations/002_create_user_pin.go:33.87,36.3 2 0
github.com/Testzyler/banking-api/database/migrations/002_create_user_pin.go:37.2,39.29 2 0
github.com/Testzyler/banking-api/database/migrations/002_create_user_pin.go:39.29,42.3 2 0
github.com/Testzyler/banking-api/database/migrations/002_create_user_pin.go:43.2,44.37 2 0
github.com/Testzyler/banking-api/database/migrations/002_create_user_pin.go:44.37,50.3 1 0
github.com/Testzyler/banking-api/database/migrations/002_create_user_pin.go:52.2,52.73 1 0
github.com/Testzyler/banking-api/database/migrations/002_create_user_pin.go:52.73,55.3 2 0
github.com/Testzyler/banking-api/database/migrations/002_create_user_pin.go:56.2,58.12 2 0
github.com/Testzyler/banking-api/database/migrations/002_create_user_pin.go:61.13,63.2 1 0
github.com/Testzyler/banking-api/database/migrations/003_create_index.go:12.36,14.3 1 0
github.com/Testzyler/banking-api/database/migrations/003_create_index.go:17.13,19.2 1 0
github.com/Testzyler/banking-api/database/migrations/003_create_index.go:21.45,68.34 2 0
github.com/Testzyler/banking-api/database/migrations/003_create_index.go:68.34,69.45 1 0
github.com/Testzyler/banking-api/database/migrations/003_create_index.go:69.45,71.4 1 0
github.com/Testzyler/banking-api/database/migrations/003_create_index.go:74.2,75.12 2 0
github.com/Testzyler/banking-api/database/migrations/004_delete_un_used_columns.go:12.36,14.3 1 0
github.com/Testzyler/banking-api/database/migrations/004_delete_un_used_columns.go:17.13,19.2 1 0
github.com/Testzyler/banking-api/database/migrations/004_delete_un_used_columns.go:21.53,38.34 2 0
github.com/Testzyler/banking-api/database/migrations/004_delete_un_used_columns.go:38.34,39.45 1 0
github.com/Testzyler/banking-api/database/migrations/004_delete_un_used_columns.go:39.45,41.4 1 0
github.com/Testzyler/banking-api/database/migrations/004_delete_un_used_columns.go:42.3,42.47 1 0
github.com/Testzyler/banking-api/database/migrations/004_delete_un_used_columns.go:45.2,46.12 2 0
github.com/Testzyler/banking-api/logger/logger.go:21.46,22.15 1 0
github.com/Testzyler/banking-api/logger/logger.go:23.14,24.27 1 0
github.com/Testzyler/banking-api/logger/logger.go:25.14,26.27 1 0
github.com/Testzyler/banking-api/logger/logger.go:27.15,28.28 1 0
github.com/Testzyler/banking-api/logger/logger.go:29.15,30.28 1 0
github.com/Testzyler/banking-api/logger/logger.go:31.15,32.28 1 0
github.com/Testzyler/banking-api/logger/logger.go:33.10,34.27 1 0
github.com/Testzyler/banking-api/logger/logger.go:38.45,45.40 4 0
github.com/Testzyler/banking-api/logger/logger.go:45.40,49.3 3 0
github.com/Testzyler/banking-api/logger/logger.go:49.8,53.22 3 0
github.com/Testzyler/banking-api/logger/logger.go:53.22,55.4 1 0
github.com/Testzyler/banking-api/logger/logger.go:55.9,57.4 1 0
github.com/Testzyler/banking-api/logger/logger.go:59.3,59.21 1 0
github.com/Testzyler/banking-api/logger/logger.go:59.21,61.4 1 0
github.com/Testzyler/banking-api/logger/logger.go:61.9,63.4 1 0
github.com/Testzyler/banking-api/logger/logger.go:66.2,74.12 4 0
github.com/Testzyler/banking-api/logger/logger.go:77.19,80.2 2 0
github.com/Testzyler/banking-api/logger/logger.go:83.53,84.19 1 0
github.com/Testzyler/banking-api/logger/logger.go:84.19,86.3 1 0
github.com/Testzyler/banking-api/logger/logger.go:89.50,90.19 1 0
github.com/Testzyler/banking-api/logger/logger.go:90.19,92.3 1 0
github.com/Testzyler/banking-api/logger/logger.go:95.54,96.19 1 0
github.com/Testzyler/banking-api/logger/logger.go:96.19,98.3 1 0
github.com/Testzyler/banking-api/logger/logger.go:101.51,102.19 1 0
github.com/Testzyler/banking-api/logger/logger.go:102.19,104.3 1 0
github.com/Testzyler/banking-api/logger/logger.go:107.53,108.19 1 0
github.com/Testzyler/banking-api/logger/logger.go:108.19,110.3 1 0
github.com/Testzyler/banking-api/logger/logger.go:113.50,114.19 1 0
github.com/Testzyler/banking-api/logger/logger.go:114.19,116.3 1 0
github.com/Testzyler/banking-api/logger/logger.go:119.54,120.19 1 0
github.com/Testzyler/banking-api/logger/logger.go:120.19,122.3 1 0
github.com/Testzyler/banking-api/logger/logger.go:125.51,126.19 1 0
github.com/Testzyler/banking-api/logger/logger.go:126.19,128.3 1 0
github.com/Testzyler/banking-api/logger/logger.go:131.54,132.19 1 0
github.com/Testzyler/banking-api/logger/logger.go:132.19,134.3 1 0
github.com/Testzyler/banking-api/logger/logger.go:134.8,137.3 1 0
github.com/Testzyler/banking-api/logger/logger.go:140.51,141.19 1 0
github.com/Testzyler/banking-api/logger/logger.go:141.19,143.3 1 0
github.com/Testzyler/banking-api/logger/logger.go:143.8,145.3 1 0
github.com/Testzyler/banking-api/logger/logger.go:148.51,149.19 1 0
github.com/Testzyler/banking-api/logger/logger.go:149.19,151.3 1 0
github.com/Testzyler/banking-api/logger/logger.go:152.2,152.12 1 0
github.com/Testzyler/banking-api/logger/logger.go:155.37,157.2 1 0
github.com/Testzyler/banking-api/server/server.go:27.68,38.16 3 0
github.com/Testzyler/banking-api/server/server.go:38.16,40.3 1 0
github.com/Testzyler/banking-api/server/server.go:42.2,43.16 2 0
github.com/Testzyler/banking-api/server/server.go:43.16,45.3 1 0
github.com/Testzyler/banking-api/server/server.go:47.2,60.15 6 0
github.com/Testzyler/banking-api/server/server.go:64.36,80.2 4 0
github.com/Testzyler/banking-api/server/server.go:82.32,84.49 1 0
github.com/Testzyler/banking-api/server/server.go:84.49,85.23 1 0
github.com/Testzyler/banking-api/server/server.go:85.23,87.4 1 0
github.com/Testzyler/banking-api/server/server.go:89.3,98.5 2 0
github.com/Testzyler/banking-api/server/server.go:101.2,107.40 3 0
github.com/Testzyler/banking-api/server/server.go:110.32,111.65 1 0
github.com/Testzyler/banking-api/server/server.go:111.65,113.3 1 0
github.com/Testzyler/banking-api/server/server.go:114.2,114.12 1 0
github.com/Testzyler/banking-api/server/server.go:117.35,122.41 3 0
github.com/Testzyler/banking-api/server/server.go:122.41,125.3 2 0
github.com/Testzyler/banking-api/server/server.go:125.8,127.3 1 0
github.com/Testzyler/banking-api/server/server.go:130.2,130.17 1 0
github.com/Testzyler/banking-api/server/server.go:130.17,131.38 1 0
github.com/Testzyler/banking-api/server/server.go:131.38,134.4 2 0
github.com/Testzyler/banking-api/server/server.go:134.9,136.4 1 0
github.com/Testzyler/banking-api/server/server.go:140.2,140.29 1 0
github.com/Testzyler/banking-api/server/server.go:140.29,142.3 1 0
github.com/Testzyler/banking-api/server/server.go:143.2,143.12 1 0
github.com/Testzyler/banking-api/server/exception/errors.go:108.66,115.2 1 0
github.com/Testzyler/banking-api/server/exception/errors.go:117.70,124.2 1 0
github.com/Testzyler/banking-api/server/exception/errors.go:126.58,133.2 1 0
github.com/Testzyler/banking-api/server/exception/errors.go:135.58,142.2 1 0
github.com/Testzyler/banking-api/server/exception/errors.go:144.70,151.2 1 0
github.com/Testzyler/banking-api/server/exception/errors.go:153.72,160.2 1 0
github.com/Testzyler/banking-api/server/exception/errors.go:162.52,169.2 1 0
github.com/Testzyler/banking-api/server/exception/errors.go:171.67,178.2 1 0
github.com/Testzyler/banking-api/server/exception/errors.go:180.55,187.2 1 0
github.com/Testzyler/banking-api/server/middlewares/auth_middleware.go:15.37,16.34 1 0
github.com/Testzyler/banking-api/server/middlewares/auth_middleware.go:16.34,18.23 2 0
github.com/Testzyler/banking-api/server/middlewares/auth_middleware.go:18.23,21.4 2 0
github.com/Testzyler/banking-api/server/middlewares/auth_middleware.go:23.3,23.48 1 0
github.com/Testzyler/banking-api/server/middlewares/auth_middleware.go:23.48,26.4 2 0
github.com/Testzyler/banking-api/server/middlewares/auth_middleware.go:28.3,29.18 2 0
github.com/Testzyler/banking-api/server/middlewares/auth_middleware.go:29.18,32.4 2 0
github.com/Testzyler/banking-api/server/middlewares/auth_middleware.go:34.3,37.17 4 0
github.com/Testzyler/banking-api/server/middlewares/auth_middleware.go:37.17,41.4 3 0
github.com/Testzyler/banking-api/server/middlewares/auth_middleware.go:43.3,43.30 1 0
github.com/Testzyler/banking-api/server/middlewares/auth_middleware.go:43.30,47.4 3 0
github.com/Testzyler/banking-api/server/middlewares/auth_middleware.go:49.3,50.18 2 0
github.com/Testzyler/banking-api/server/middlewares/error_handler.go:10.40,11.45 1 0
github.com/Testzyler/banking-api/server/middlewares/error_handler.go:11.45,13.55 1 0
github.com/Testzyler/banking-api/server/middlewares/error_handler.go:13.55,15.4 1 0
github.com/Testzyler/banking-api/server/middlewares/error_handler.go:18.3,18.45 1 0
github.com/Testzyler/banking-api/server/middlewares/error_handler.go:18.45,25.4 1 0
github.com/Testzyler/banking-api/server/middlewares/error_handler.go:27.3,28.71 2 0
github.com/Testzyler/banking-api/server/middlewares/error_handler.go:32.42,39.2 1 0
github.com/Testzyler/banking-api/server/middlewares/middleware.go:12.42,13.34 1 0
github.com/Testzyler/banking-api/server/middlewares/middleware.go:13.34,16.22 2 0
github.com/Testzyler/banking-api/server/middlewares/middleware.go:16.22,18.18 2 0
github.com/Testzyler/banking-api/server/middlewares/middleware.go:18.18,20.5 1 0
github.com/Testzyler/banking-api/server/middlewares/middleware.go:21.4,21.29 1 0
github.com/Testzyler/banking-api/server/middlewares/middleware.go:25.3,30.18 3 0
github.com/Testzyler/banking-api/server/middlewares/middleware.go:34.40,35.57 1 0
github.com/Testzyler/banking-api/server/middlewares/middleware.go:35.57,37.3 1 0
github.com/Testzyler/banking-api/server/middlewares/middleware.go:38.2,38.11 1 0
github.com/Testzyler/banking-api/server/middlewares/middleware.go:41.34,42.48 1 0
github.com/Testzyler/banking-api/server/middlewares/middleware.go:42.48,44.3 1 0
github.com/Testzyler/banking-api/server/middlewares/middleware.go:45.2,45.10 1 0
github.com/Testzyler/banking-api/server/middlewares/middleware.go:48.39,49.34 1 0
github.com/Testzyler/banking-api/server/middlewares/middleware.go:49.34,61.41 9 0
github.com/Testzyler/banking-api/server/middlewares/middleware.go:61.41,68.4 1 0
github.com/Testzyler/banking-api/server/middlewares/middleware.go:68.9,68.48 1 0
github.com/Testzyler/banking-api/server/middlewares/middleware.go:68.48,75.4 1 0
github.com/Testzyler/banking-api/server/middlewares/middleware.go:75.9,82.4 1 0
github.com/Testzyler/banking-api/server/middlewares/middleware.go:84.3,84.13 1 0
github.com/Testzyler/banking-api/server/middlewares/middleware.go:88.56,89.70 1 0
github.com/Testzyler/banking-api/server/middlewares/middleware.go:89.70,91.3 1 0
github.com/Testzyler/banking-api/server/middlewares/middleware.go:93.2,94.45 2 0
github.com/Testzyler/banking-api/server/response/response.go:23.40,24.22 1 0
github.com/Testzyler/banking-api/server/response/response.go:24.22,26.3 1 0
github.com/Testzyler/banking-api/server/response/response.go:27.2,27.18 1 0
github.com/Testzyler/banking-api/server/response/response_code.go:7.48,9.2 1 0
github.com/Testzyler/banking-api/server/routes/route.go:17.101,37.2 4 0
github.com/Testzyler/banking-api/app/features/home/handler/home_handler.go:16.71,23.2 3 0
github.com/Testzyler/banking-api/app/features/home/handler/home_handler.go:25.55,27.26 2 1
github.com/Testzyler/banking-api/app/features/home/handler/home_handler.go:27.26,29.3 1 1
github.com/Testzyler/banking-api/app/features/home/handler/home_handler.go:31.2,32.9 2 1
github.com/Testzyler/banking-api/app/features/home/handler/home_handler.go:32.9,34.3 1 1
github.com/Testzyler/banking-api/app/features/home/handler/home_handler.go:36.2,37.16 2 1
github.com/Testzyler/banking-api/app/features/home/handler/home_handler.go:37.16,39.3 1 1
github.com/Testzyler/banking-api/app/features/home/handler/home_handler.go:41.2,45.4 1 1
github.com/Testzyler/banking-api/app/features/home/service/home_service.go:16.66,20.2 1 1
github.com/Testzyler/banking-api/app/features/home/service/home_service.go:22.81,24.16 2 1
github.com/Testzyler/banking-api/app/features/home/service/home_service.go:24.16,26.3 1 1
github.com/Testzyler/banking-api/app/features/home/service/home_service.go:28.2,28.22 1 1
github.com/Testzyler/banking-api/app/features/home/repository/home_repository.go:18.54,22.2 1 1
github.com/Testzyler/banking-api/app/features/home/repository/home_repository.go:24.65,30.34 2 1
github.com/Testzyler/banking-api/app/features/home/repository/home_repository.go:30.34,32.3 1 1
github.com/Testzyler/banking-api/app/features/home/repository/home_repository.go:33.2,33.14 1 1
github.com/Testzyler/banking-api/app/features/home/repository/home_repository.go:36.84,39.50 2 1
github.com/Testzyler/banking-api/app/features/home/repository/home_repository.go:39.50,42.94 2 1
github.com/Testzyler/banking-api/app/features/home/repository/home_repository.go:42.94,44.4 1 1
github.com/Testzyler/banking-api/app/features/home/repository/home_repository.go:45.3,47.31 3 1
github.com/Testzyler/banking-api/app/features/home/repository/home_repository.go:47.31,49.4 1 0
github.com/Testzyler/banking-api/app/features/home/repository/home_repository.go:52.3,57.35 2 1
github.com/Testzyler/banking-api/app/features/home/repository/home_repository.go:57.35,59.4 1 0
github.com/Testzyler/banking-api/app/features/home/repository/home_repository.go:60.3,60.27 1 1
github.com/Testzyler/banking-api/app/features/home/repository/home_repository.go:60.27,72.4 1 0
github.com/Testzyler/banking-api/app/features/home/repository/home_repository.go:75.3,76.72 2 1
github.com/Testzyler/banking-api/app/features/home/repository/home_repository.go:76.72,78.4 1 0
github.com/Testzyler/banking-api/app/features/home/repository/home_repository.go:79.3,79.29 1 1
github.com/Testzyler/banking-api/app/features/home/repository/home_repository.go:79.29,87.4 1 0
github.com/Testzyler/banking-api/app/features/home/repository/home_repository.go:90.3,91.77 2 1
github.com/Testzyler/banking-api/app/features/home/repository/home_repository.go:91.77,93.4 1 0
github.com/Testzyler/banking-api/app/features/home/repository/home_repository.go:94.3,94.34 1 1
github.com/Testzyler/banking-api/app/features/home/repository/home_repository.go:94.34,102.4 1 0
github.com/Testzyler/banking-api/app/features/home/repository/home_repository.go:105.3,110.38 2 1
github.com/Testzyler/banking-api/app/features/home/repository/home_repository.go:110.38,112.4 1 0
github.com/Testzyler/banking-api/app/features/home/repository/home_repository.go:114.3,115.32 2 1
github.com/Testzyler/banking-api/app/features/home/repository/home_repository.go:115.32,117.39 2 0
github.com/Testzyler/banking-api/app/features/home/repository/home_repository.go:117.39,124.5 1 0
github.com/Testzyler/banking-api/app/features/home/repository/home_repository.go:125.4,138.38 2 0
github.com/Testzyler/banking-api/app/features/home/repository/home_repository.go:140.3,142.13 2 1
github.com/Testzyler/banking-api/app/features/home/repository/home_repository.go:145.2,145.16 1 1
github.com/Testzyler/banking-api/app/features/home/repository/home_repository.go:145.16,147.3 1 1
github.com/Testzyler/banking-api/app/features/home/repository/home_repository.go:148.2,148.22 1 1
github.com/Testzyler/banking-api/app/features/auth/repository/auth_repository.go:42.85,44.20 2 1
github.com/Testzyler/banking-api/app/features/auth/repository/auth_repository.go:44.20,46.3 1 1
github.com/Testzyler/banking-api/app/features/auth/repository/auth_repository.go:48.2,51.3 1 1
github.com/Testzyler/banking-api/app/features/auth/repository/auth_repository.go:55.62,57.2 1 1
github.com/Testzyler/banking-api/app/features/auth/repository/auth_repository.go:59.64,61.2 1 1
github.com/Testzyler/banking-api/app/features/auth/repository/auth_repository.go:63.62,65.2 1 1
github.com/Testzyler/banking-api/app/features/auth/repository/auth_repository.go:68.65,69.26 1 1
github.com/Testzyler/banking-api/app/features/auth/repository/auth_repository.go:69.26,71.3 1 0
github.com/Testzyler/banking-api/app/features/auth/repository/auth_repository.go:72.2,73.66 2 1
github.com/Testzyler/banking-api/app/features/auth/repository/auth_repository.go:76.80,79.26 2 1
github.com/Testzyler/banking-api/app/features/auth/repository/auth_repository.go:79.26,82.17 3 1
github.com/Testzyler/banking-api/app/features/auth/repository/auth_repository.go:82.17,84.64 2 1
github.com/Testzyler/banking-api/app/features/auth/repository/auth_repository.go:84.64,86.5 1 1
github.com/Testzyler/banking-api/app/features/auth/repository/auth_repository.go:91.2,97.16 3 1
github.com/Testzyler/banking-api/app/features/auth/repository/auth_repository.go:97.16,99.3 1 1
github.com/Testzyler/banking-api/app/features/auth/repository/auth_repository.go:102.2,102.26 1 1
github.com/Testzyler/banking-api/app/features/auth/repository/auth_repository.go:102.26,103.13 1 1
github.com/Testzyler/banking-api/app/features/auth/repository/auth_repository.go:103.13,106.18 3 1
github.com/Testzyler/banking-api/app/features/auth/repository/auth_repository.go:106.18,108.5 1 1
github.com/Testzyler/banking-api/app/features/auth/repository/auth_repository.go:112.2,112.19 1 1
github.com/Testzyler/banking-api/app/features/auth/repository/auth_repository.go:115.114,116.26 1 1
github.com/Testzyler/banking-api/app/features/auth/repository/auth_repository.go:116.26,118.3 1 1
github.com/Testzyler/banking-api/app/features/auth/repository/auth_repository.go:120.2,122.16 3 1
github.com/Testzyler/banking-api/app/features/auth/repository/auth_repository.go:122.16,123.23 1 1
github.com/Testzyler/banking-api/app/features/auth/repository/auth_repository.go:123.23,125.4 1 1
github.com/Testzyler/banking-api/app/features/auth/repository/auth_repository.go:126.3,126.79 1 0
github.com/Testzyler/banking-api/app/features/auth/repository/auth_repository.go:129.2,130.62 2 1
github.com/Testzyler/banking-api/app/features/auth/repository/auth_repository.go:130.62,132.3 1 0
github.com/Testzyler/banking-api/app/features/auth/repository/auth_repository.go:134.2,134.19 1 1
github.com/Testzyler/banking-api/app/features/auth/repository/auth_repository.go:137.136,138.26 1 1
github.com/Testzyler/banking-api/app/features/auth/repository/auth_repository.go:138.26,140.3 1 1
github.com/Testzyler/banking-api/app/features/auth/repository/auth_repository.go:142.2,144.16 3 1
github.com/Testzyler/banking-api/app/features/auth/repository/auth_repository.go:144.16,146.3 1 0
github.com/Testzyler/banking-api/app/features/auth/repository/auth_repository.go:148.2,148.65 1 1
github.com/Testzyler/banking-api/app/features/auth/repository/auth_repository.go:151.120,153.16 2 1
github.com/Testzyler/banking-api/app/features/auth/repository/auth_repository.go:153.16,158.22 3 0
github.com/Testzyler/banking-api/app/features/auth/repository/auth_repository.go:158.22,160.4 1 0
github.com/Testzyler/banking-api/app/features/auth/repository/auth_repository.go:161.3,166.4 1 0
github.com/Testzyler/banking-api/app/features/auth/repository/auth_repository.go:169.2,175.68 5 1
github.com/Testzyler/banking-api/app/features/auth/repository/auth_repository.go:175.68,177.3 1 0
github.com/Testzyler/banking-api/app/features/auth/repository/auth_repository.go:180.2,180.12 1 1
github.com/Testzyler/banking-api/app/features/auth/repository/auth_repository.go:180.12,181.84 1 1
github.com/Testzyler/banking-api/app/features/auth/repository/auth_repository.go:181.84,183.4 1 1
github.com/Testzyler/banking-api/app/features/auth/repository/auth_repository.go:183.9,183.89 1 0
github.com/Testzyler/banking-api/app/features/auth/repository/auth_repository.go:183.89,185.4 1 0
github.com/Testzyler/banking-api/app/features/auth/repository/auth_repository.go:185.9,187.4 1 0
github.com/Testzyler/banking-api/app/features/auth/repository/auth_repository.go:190.2,190.18 1 1
github.com/Testzyler/banking-api/app/features/auth/repository/auth_repository.go:193.148,195.16 2 1
github.com/Testzyler/banking-api/app/features/auth/repository/auth_repository.go:195.16,197.3 1 0
github.com/Testzyler/banking-api/app/features/auth/repository/auth_repository.go:199.2,204.12 4 1
github.com/Testzyler/banking-api/app/features/auth/repository/auth_repository.go:204.12,206.17 2 1
github.com/Testzyler/banking-api/app/features/auth/repository/auth_repository.go:206.17,208.4 1 0
github.com/Testzyler/banking-api/app/features/auth/repository/auth_repository.go:209.3,209.89 1 1
github.com/Testzyler/banking-api/app/features/auth/repository/auth_repository.go:209.89,210.67 1 0
github.com/Testzyler/banking-api/app/features/auth/repository/auth_repository.go:210.67,212.5 1 0
github.com/Testzyler/banking-api/app/features/auth/repository/auth_repository.go:212.10,212.73 1 0
github.com/Testzyler/banking-api/app/features/auth/repository/auth_repository.go:212.73,214.5 1 0
github.com/Testzyler/banking-api/app/features/auth/repository/auth_repository.go:214.10,214.75 1 0
github.com/Testzyler/banking-api/app/features/auth/repository/auth_repository.go:214.75,216.5 1 0
github.com/Testzyler/banking-api/app/features/auth/repository/auth_repository.go:216.10,218.5 1 0
github.com/Testzyler/banking-api/app/features/auth/repository/auth_repository.go:223.2,224.68 2 1
github.com/Testzyler/banking-api/app/features/auth/repository/auth_repository.go:224.68,226.3 1 0
github.com/Testzyler/banking-api/app/features/auth/repository/auth_repository.go:228.2,228.12 1 1
github.com/Testzyler/banking-api/app/features/auth/repository/auth_repository.go:231.85,240.12 2 1
github.com/Testzyler/banking-api/app/features/auth/repository/auth_repository.go:240.12,242.17 2 1
github.com/Testzyler/banking-api/app/features/auth/repository/auth_repository.go:242.17,244.4 1 0
github.com/Testzyler/banking-api/app/features/auth/repository/auth_repository.go:245.3,245.89 1 1
github.com/Testzyler/banking-api/app/features/auth/repository/auth_repository.go:245.89,246.67 1 0
github.com/Testzyler/banking-api/app/features/auth/repository/auth_repository.go:246.67,248.5 1 0
github.com/Testzyler/banking-api/app/features/auth/repository/auth_repository.go:248.10,248.73 1 0
github.com/Testzyler/banking-api/app/features/auth/repository/auth_repository.go:248.73,250.5 1 0
github.com/Testzyler/banking-api/app/features/auth/repository/auth_repository.go:250.10,250.75 1 0
github.com/Testzyler/banking-api/app/features/auth/repository/auth_repository.go:250.75,252.5 1 0
github.com/Testzyler/banking-api/app/features/auth/repository/auth_repository.go:252.10,254.5 1 0
github.com/Testzyler/banking-api/app/features/auth/repository/auth_repository.go:259.2,260.68 2 1
github.com/Testzyler/banking-api/app/features/auth/repository/auth_repository.go:260.68,262.3 1 0
github.com/Testzyler/banking-api/app/features/auth/repository/auth_repository.go:264.2,264.12 1 1
github.com/Testzyler/banking-api/app/features/auth/repository/auth_repository.go:267.93,268.26 1 1
github.com/Testzyler/banking-api/app/features/auth/repository/auth_repository.go:268.26,270.3 1 1
github.com/Testzyler/banking-api/app/features/auth/repository/auth_repository.go:273.2,275.16 3 1
github.com/Testzyler/banking-api/app/features/auth/repository/auth_repository.go:275.16,277.3 1 1
github.com/Testzyler/banking-api/app/features/auth/repository/auth_repository.go:280.2,280.34 1 1
github.com/Testzyler/banking-api/app/features/auth/repository/auth_repository.go:280.34,282.74 2 1
github.com/Testzyler/banking-api/app/features/auth/repository/auth_repository.go:282.74,284.12 2 0
github.com/Testzyler/banking-api/app/features/auth/repository/auth_repository.go:287.3,287.80 1 1
github.com/Testzyler/banking-api/app/features/auth/repository/auth_repository.go:287.80,289.4 1 1
github.com/Testzyler/banking-api/app/features/auth/repository/auth_repository.go:292.2,293.12 2 1
github.com/Testzyler/banking-api/app/features/auth/repository/auth_repository.go:296.94,297.26 1 1
github.com/Testzyler/banking-api/app/features/auth/repository/auth_repository.go:297.26,299.3 1 0
github.com/Testzyler/banking-api/app/features/auth/repository/auth_repository.go:301.2,311.16 5 1
github.com/Testzyler/banking-api/app/features/auth/repository/auth_repository.go:311.16,313.3 1 0
github.com/Testzyler/banking-api/app/features/auth/repository/auth_repository.go:315.2,315.98 1 1
github.com/Testzyler/banking-api/app/features/auth/repository/auth_repository.go:315.98,317.3 1 1
github.com/Testzyler/banking-api/app/features/auth/repository/auth_repository.go:319.2,319.12 1 1
github.com/Testzyler/banking-api/app/features/auth/repository/auth_repository.go:322.91,323.26 1 1
github.com/Testzyler/banking-api/app/features/auth/repository/auth_repository.go:323.26,325.3 1 1
github.com/Testzyler/banking-api/app/features/auth/repository/auth_repository.go:327.2,329.16 3 1
github.com/Testzyler/banking-api/app/features/auth/repository/auth_repository.go:329.16,330.23 1 1
github.com/Testzyler/banking-api/app/features/auth/repository/auth_repository.go:330.23,332.4 1 1
github.com/Testzyler/banking-api/app/features/auth/repository/auth_repository.go:333.3,333.68 1 1
github.com/Testzyler/banking-api/app/features/auth/repository/auth_repository.go:337.2,337.26 1 1
github.com/Testzyler/banking-api/app/features/auth/repository/auth_repository.go:340.129,346.43 3 1
github.com/Testzyler/banking-api/app/features/auth/repository/auth_repository.go:346.43,352.3 1 1
github.com/Testzyler/banking-api/app/features/auth/repository/auth_repository.go:354.2,357.8 1 1
github.com/Testzyler/banking-api/app/features/auth/repository/auth_repository.go:360.72,361.26 1 1
github.com/Testzyler/banking-api/app/features/auth/repository/auth_repository.go:361.26,363.3 1 1
github.com/Testzyler/banking-api/app/features/auth/repository/auth_repository.go:365.2,366.6 2 1
github.com/Testzyler/banking-api/app/features/auth/repository/auth_repository.go:366.6,368.17 2 1
github.com/Testzyler/banking-api/app/features/auth/repository/auth_repository.go:368.17,370.4 1 1
github.com/Testzyler/banking-api/app/features/auth/repository/auth_repository.go:372.3,372.28 1 1
github.com/Testzyler/banking-api/app/features/auth/repository/auth_repository.go:372.28,375.18 2 1
github.com/Testzyler/banking-api/app/features/auth/repository/auth_repository.go:375.18,377.13 2 1
github.com/Testzyler/banking-api/app/features/auth/repository/auth_repository.go:379.4,379.19 1 1
github.com/Testzyler/banking-api/app/features/auth/repository/auth_repository.go:379.19,381.5 1 1
github.com/Testzyler/banking-api/app/features/auth/repository/auth_repository.go:384.3,385.18 2 1
github.com/Testzyler/banking-api/app/features/auth/repository/auth_repository.go:385.18,386.9 1 1
github.com/Testzyler/banking-api/app/features/auth/repository/auth_repository.go:390.2,390.12 1 1
github.com/Testzyler/banking-api/app/features/auth/repository/auth_repository.go:393.118,394.26 1 1
github.com/Testzyler/banking-api/app/features/auth/repository/auth_repository.go:394.26,396.3 1 1
github.com/Testzyler/banking-api/app/features/auth/repository/auth_repository.go:398.2,400.16 3 1
github.com/Testzyler/banking-api/app/features/auth/repository/auth_repository.go:400.16,402.3 1 0
github.com/Testzyler/banking-api/app/features/auth/repository/auth_repository.go:405.2,405.78 1 1
github.com/Testzyler/banking-api/app/features/auth/repository/auth_repository.go:405.78,407.3 1 1
github.com/Testzyler/banking-api/app/features/auth/repository/auth_repository.go:410.2,410.36 1 1
github.com/Testzyler/banking-api/app/features/auth/repository/auth_repository.go:410.36,412.14 2 0
github.com/Testzyler/banking-api/app/features/auth/repository/auth_repository.go:412.14,413.68 1 0
github.com/Testzyler/banking-api/app/features/auth/repository/auth_repository.go:413.68,415.5 1 0
github.com/Testzyler/banking-api/app/features/auth/repository/auth_repository.go:419.2,419.12 1 1
github.com/Testzyler/banking-api/app/features/auth/repository/auth_repository.go:422.96,423.26 1 1
github.com/Testzyler/banking-api/app/features/auth/repository/auth_repository.go:423.26,425.3 1 1
github.com/Testzyler/banking-api/app/features/auth/repository/auth_repository.go:427.2,430.6 3 1
github.com/Testzyler/banking-api/app/features/auth/repository/auth_repository.go:430.6,432.17 2 1
github.com/Testzyler/banking-api/app/features/auth/repository/auth_repository.go:432.17,434.4 1 1
github.com/Testzyler/banking-api/app/features/auth/repository/auth_repository.go:437.3,437.28 1 1
github.com/Testzyler/banking-api/app/features/auth/repository/auth_repository.go:437.28,440.18 3 1
github.com/Testzyler/banking-api/app/features/auth/repository/auth_repository.go:440.18,442.13 2 1
github.com/Testzyler/banking-api/app/features/auth/repository/auth_repository.go:445.4,445.36 1 1
github.com/Testzyler/banking-api/app/features/auth/repository/auth_repository.go:445.36,447.76 2 1
github.com/Testzyler/banking-api/app/features/auth/repository/auth_repository.go:447.76,449.14 2 0
github.com/Testzyler/banking-api/app/features/auth/repository/auth_repository.go:451.5,451.65 1 1
github.com/Testzyler/banking-api/app/features/auth/repository/auth_repository.go:455.3,456.18 2 1
github.com/Testzyler/banking-api/app/features/auth/repository/auth_repository.go:456.18,457.9 1 1
github.com/Testzyler/banking-api/app/features/auth/repository/auth_repository.go:461.2,461.31 1 1
github.com/Testzyler/banking-api/app/features/auth/repository/auth_repository.go:465.95,467.2 1 1
github.com/Testzyler/banking-api/app/features/auth/repository/auth_repository.go:469.96,471.2 1 1
github.com/Testzyler/banking-api/app/features/auth/repository/auth_repository.go:473.100,475.2 1 1
github.com/Testzyler/banking-api/app/validators/validator.go:14.13,16.2 1 1
github.com/Testzyler/banking-api/app/validators/validator.go:18.42,20.16 2 1
github.com/Testzyler/banking-api/app/validators/validator.go:20.16,22.56 2 1
github.com/Testzyler/banking-api/app/validators/validator.go:22.56,25.21 2 1
github.com/Testzyler/banking-api/app/validators/validator.go:26.20,27.71 1 0
github.com/Testzyler/banking-api/app/validators/validator.go:28.15,29.92 1 0
github.com/Testzyler/banking-api/app/validators/validator.go:30.15,31.91 1 0
github.com/Testzyler/banking-api/app/validators/validator.go:32.17,33.89 1 0
github.com/Testzyler/banking-api/app/validators/validator.go:34.16,35.80 1 0
github.com/Testzyler/banking-api/app/validators/validator.go:36.15,37.102 1 0
github.com/Testzyler/banking-api/app/validators/validator.go:38.19,39.76 1 0
github.com/Testzyler/banking-api/app/validators/validator.go:41.26,42.85 1 1
github.com/Testzyler/banking-api/app/validators/validator.go:43.12,44.70 1 0
github.com/Testzyler/banking-api/app/validators/validator.go:47.4,47.56 1 1
github.com/Testzyler/banking-api/app/validators/validator.go:50.3,53.5 1 1
github.com/Testzyler/banking-api/app/validators/validator.go:56.2,56.12 1 1
github.com/Testzyler/banking-api/app/validators/validator.go:60.40,62.26 2 1
github.com/Testzyler/banking-api/app/validators/validator.go:62.26,63.36 1 1
github.com/Testzyler/banking-api/app/validators/validator.go:63.36,65.4 1 1
github.com/Testzyler/banking-api/app/validators/validator.go:66.3,66.22 1 1
github.com/Testzyler/banking-api/app/validators/validator.go:69.2,69.41 1 1
github.com/Testzyler/banking-api/app/validators/validator.go:73.34,75.83 1 1
github.com/Testzyler/banking-api/app/validators/validator.go:75.83,77.27 2 1
github.com/Testzyler/banking-api/app/validators/validator.go:77.27,79.4 1 1
github.com/Testzyler/banking-api/app/validators/validator.go:80.3,80.34 1 1
github.com/Testzyler/banking-api/app/validators/validator.go:80.34,81.32 1 1
github.com/Testzyler/banking-api/app/validators/validator.go:81.32,83.5 1 1
github.com/Testzyler/banking-api/app/validators/validator.go:85.3,85.14 1 1
github.com/Testzyler/banking-api/app/features/auth/service/auth_service.go:31.117,33.2 1 1
github.com/Testzyler/banking-api/app/features/auth/service/auth_service.go:35.89,37.16 2 1
github.com/Testzyler/banking-api/app/features/auth/service/auth_service.go:37.16,39.3 1 1
github.com/Testzyler/banking-api/app/features/auth/service/auth_service.go:40.2,40.20 1 1
github.com/Testzyler/banking-api/app/features/auth/service/auth_service.go:43.120,45.16 2 1
github.com/Testzyler/banking-api/app/features/auth/service/auth_service.go:45.16,46.45 1 1
github.com/Testzyler/banking-api/app/features/auth/service/auth_service.go:46.45,48.4 1 1
github.com/Testzyler/banking-api/app/features/auth/service/auth_service.go:49.3,49.18 1 1
github.com/Testzyler/banking-api/app/features/auth/service/auth_service.go:52.2,55.16 3 1
github.com/Testzyler/banking-api/app/features/auth/service/auth_service.go:55.16,63.3 2 1
github.com/Testzyler/banking-api/app/features/auth/service/auth_service.go:65.2,65.70 1 1
github.com/Testzyler/banking-api/app/features/auth/service/auth_service.go:65.70,67.3 1 1
github.com/Testzyler/banking-api/app/features/auth/service/auth_service.go:69.2,69.55 1 1
github.com/Testzyler/banking-api/app/features/auth/service/auth_service.go:69.55,71.3 1 1
github.com/Testzyler/banking-api/app/features/auth/service/auth_service.go:73.2,73.72 1 1
github.com/Testzyler/banking-api/app/features/auth/service/auth_service.go:73.72,75.3 1 0
github.com/Testzyler/banking-api/app/features/auth/service/auth_service.go:78.2,79.16 2 1
github.com/Testzyler/banking-api/app/features/auth/service/auth_service.go:79.16,81.3 1 0
github.com/Testzyler/banking-api/app/features/auth/service/auth_service.go:84.2,85.81 2 1
github.com/Testzyler/banking-api/app/features/auth/service/auth_service.go:85.81,87.3 1 0
github.com/Testzyler/banking-api/app/features/auth/service/auth_service.go:89.2,89.27 1 1
github.com/Testzyler/banking-api/app/features/auth/service/auth_service.go:92.91,93.78 1 1
github.com/Testzyler/banking-api/app/features/auth/service/auth_service.go:93.78,96.3 2 1
github.com/Testzyler/banking-api/app/features/auth/service/auth_service.go:97.2,97.17 1 1
github.com/Testzyler/banking-api/app/features/auth/service/auth_service.go:100.52,102.2 1 1
github.com/Testzyler/banking-api/app/features/auth/service/auth_service.go:104.104,106.16 2 1
github.com/Testzyler/banking-api/app/features/auth/service/auth_service.go:106.16,108.3 1 1
github.com/Testzyler/banking-api/app/features/auth/service/auth_service.go:110.2,114.47 4 1
github.com/Testzyler/banking-api/app/features/auth/service/auth_service.go:114.47,119.37 3 1
github.com/Testzyler/banking-api/app/features/auth/service/auth_service.go:119.37,121.4 1 1
github.com/Testzyler/banking-api/app/features/auth/service/auth_service.go:123.3,126.131 2 1
github.com/Testzyler/banking-api/app/features/auth/service/auth_service.go:126.131,128.4 1 1
github.com/Testzyler/banking-api/app/features/auth/service/auth_service.go:130.3,130.60 1 1
github.com/Testzyler/banking-api/app/features/auth/service/auth_service.go:133.2,134.56 2 1
github.com/Testzyler/banking-api/app/features/auth/service/auth_service.go:137.90,139.16 2 1
github.com/Testzyler/banking-api/app/features/auth/service/auth_service.go:139.16,141.3 1 1
github.com/Testzyler/banking-api/app/features/auth/service/auth_service.go:144.2,144.32 1 1
github.com/Testzyler/banking-api/app/features/auth/service/auth_service.go:144.32,146.91 2 1
github.com/Testzyler/banking-api/app/features/auth/service/auth_service.go:146.91,148.4 1 0
github.com/Testzyler/banking-api/app/features/auth/service/auth_service.go:151.2,151.27 1 1
github.com/Testzyler/banking-api/app/features/auth/service/auth_service.go:154.74,156.75 2 1
github.com/Testzyler/banking-api/app/features/auth/service/auth_service.go:156.75,158.3 1 1
github.com/Testzyler/banking-api/app/features/auth/service/auth_service.go:160.2,161.12 2 1
github.com/Testzyler/banking-api/app/features/auth/service/jwt_service.go:30.90,32.2 1 1
github.com/Testzyler/banking-api/app/features/auth/service/jwt_service.go:34.95,46.16 5 1
github.com/Testzyler/banking-api/app/features/auth/service/jwt_service.go:46.16,48.3 1 0
github.com/Testzyler/banking-api/app/features/auth/service/jwt_service.go:50.2,59.16 4 1
github.com/Testzyler/banking-api/app/features/auth/service/jwt_service.go:59.16,61.3 1 0
github.com/Testzyler/banking-api/app/features/auth/service/jwt_service.go:63.2,69.8 1 1
github.com/Testzyler/banking-api/app/features/auth/service/jwt_service.go:72.99,76.25 3 1
github.com/Testzyler/banking-api/app/features/auth/service/jwt_service.go:77.16,79.47 2 1
github.com/Testzyler/banking-api/app/features/auth/service/jwt_service.go:80.17,82.48 2 1
github.com/Testzyler/banking-api/app/features/auth/service/jwt_service.go:83.10,84.59 1 1
github.com/Testzyler/banking-api/app/features/auth/service/jwt_service.go:87.2,108.16 6 1
github.com/Testzyler/banking-api/app/features/auth/service/jwt_service.go:108.16,110.3 1 0
github.com/Testzyler/banking-api/app/features/auth/service/jwt_service.go:112.2,112.37 1 1
github.com/Testzyler/banking-api/app/features/auth/service/jwt_service.go:115.88,117.2 1 1
github.com/Testzyler/banking-api/app/features/auth/service/jwt_service.go:119.89,121.2 1 1
github.com/Testzyler/banking-api/app/features/auth/service/jwt_service.go:123.104,124.23 1 1
github.com/Testzyler/banking-api/app/features/auth/service/jwt_service.go:124.23,126.3 1 1
github.com/Testzyler/banking-api/app/features/auth/service/jwt_service.go:128.2,128.113 1 1
github.com/Testzyler/banking-api/app/features/auth/service/jwt_service.go:128.113,129.58 1 1
github.com/Testzyler/banking-api/app/features/auth/service/jwt_service.go:129.58,131.4 1 0
github.com/Testzyler/banking-api/app/features/auth/service/jwt_service.go:132.3,132.29 1 1
github.com/Testzyler/banking-api/app/features/auth/service/jwt_service.go:135.2,135.16 1 1
github.com/Testzyler/banking-api/app/features/auth/service/jwt_service.go:135.16,136.42 1 1
github.com/Testzyler/banking-api/app/features/auth/service/jwt_service.go:136.42,138.4 1 1
github.com/Testzyler/banking-api/app/features/auth/service/jwt_service.go:139.3,139.18 1 1
github.com/Testzyler/banking-api/app/features/auth/service/jwt_service.go:142.2,142.70 1 1
github.com/Testzyler/banking-api/app/features/auth/service/jwt_service.go:142.70,143.34 1 1
github.com/Testzyler/banking-api/app/features/auth/service/jwt_service.go:143.34,145.4 1 0
github.com/Testzyler/banking-api/app/features/auth/service/jwt_service.go:146.3,146.21 1 1
github.com/Testzyler/banking-api/app/features/auth/service/jwt_service.go:149.2,149.39 1 0
github.com/Testzyler/banking-api/app/features/auth/service/jwt_service.go:152.101,154.16 2 1
github.com/Testzyler/banking-api/app/features/auth/service/jwt_service.go:154.16,156.3 1 1
github.com/Testzyler/banking-api/app/features/auth/service/jwt_service.go:158.2,169.16 5 1
github.com/Testzyler/banking-api/app/features/auth/service/jwt_service.go:169.16,171.3 1 0
github.com/Testzyler/banking-api/app/features/auth/service/jwt_service.go:173.2,180.8 1 1
github.com/Testzyler/banking-api/app/features/auth/service/jwt_service.go:183.109,185.16 2 1
github.com/Testzyler/banking-api/app/features/auth/service/jwt_service.go:185.16,191.3 1 1
github.com/Testzyler/banking-api/app/features/auth/service/jwt_service.go:193.2,193.23 1 1
github.com/Testzyler/banking-api/app/features/auth/service/jwt_service.go:193.23,199.3 1 1
github.com/Testzyler/banking-api/app/features/auth/service/jwt_service.go:201.2,203.16 3 1
github.com/Testzyler/banking-api/app/features/auth/service/jwt_service.go:203.16,210.3 2 1
github.com/Testzyler/banking-api/app/features/auth/service/jwt_service.go:212.2,212.14 1 1
github.com/Testzyler/banking-api/app/features/auth/service/jwt_service.go:212.14,218.3 1 1
github.com/Testzyler/banking-api/app/features/auth/service/jwt_service.go:220.2,221.16 2 1
github.com/Testzyler/banking-api/app/features/auth/service/jwt_service.go:221.16,228.3 2 1
github.com/Testzyler/banking-api/app/features/auth/service/jwt_service.go:230.2,230.29 1 1
github.com/Testzyler/banking-api/app/features/auth/service/jwt_service.go:230.29,236.3 1 1
github.com/Testzyler/banking-api/app/features/auth/service/jwt_service.go:238.2,243.8 1 1
github.com/Testzyler/banking-api/database/database.go:29.38,30.23 1 0
github.com/Testzyler/banking-api/database/database.go:30.23,31.20 1 0
github.com/Testzyler/banking-api/database/database.go:31.20,34.18 3 0
github.com/Testzyler/banking-api/database/database.go:34.18,35.59 1 0
github.com/Testzyler/banking-api/database/database.go:39.2,39.19 1 0
github.com/Testzyler/banking-api/database/database.go:43.32,44.26 1 0
github.com/Testzyler/banking-api/database/database.go:44.26,45.23 1 0
github.com/Testzyler/banking-api/database/database.go:45.23,48.18 3 0
github.com/Testzyler/banking-api/database/database.go:48.18,49.56 1 0
github.com/Testzyler/banking-api/database/database.go:53.2,53.22 1 0
github.com/Testzyler/banking-api/database/database.go:57.45,58.19 1 0
github.com/Testzyler/banking-api/database/database.go:58.19,61.17 3 0
github.com/Testzyler/banking-api/database/database.go:61.17,62.58 1 0
github.com/Testzyler/banking-api/database/database.go:65.2,65.12 1 0
github.com/Testzyler/banking-api/database/database.go:69.47,70.22 1 0
github.com/Testzyler/banking-api/database/database.go:70.22,73.17 3 0
github.com/Testzyler/banking-api/database/database.go:73.17,74.55 1 0
github.com/Testzyler/banking-api/database/database.go:77.2,77.12 1 0
github.com/Testzyler/banking-api/database/database.go:80.68,82.2 1 0
github.com/Testzyler/banking-api/database/database.go:84.67,86.2 1 0
github.com/Testzyler/banking-api/database/mysql.go:15.73,27.16 3 1
github.com/Testzyler/banking-api/database/mysql.go:27.16,29.3 1 1
github.com/Testzyler/banking-api/database/mysql.go:32.2,33.16 2 0
github.com/Testzyler/banking-api/database/mysql.go:33.16,35.3 1 0
github.com/Testzyler/banking-api/database/mysql.go:38.2,44.22 5 0
github.com/Testzyler/banking-api/database/mysql.go:47.37,49.2 1 0
github.com/Testzyler/banking-api/database/mysql.go:51.42,53.66 1 0
github.com/Testzyler/banking-api/database/mysql.go:53.66,55.3 1 0
github.com/Testzyler/banking-api/database/mysql.go:58.2,58.50 1 0
github.com/Testzyler/banking-api/database/mysql.go:58.50,62.68 3 0
github.com/Testzyler/banking-api/database/mysql.go:62.68,64.4 1 0
github.com/Testzyler/banking-api/database/mysql.go:67.3,67.45 1 0
github.com/Testzyler/banking-api/database/mysql.go:67.45,73.51 2 0
github.com/Testzyler/banking-api/database/mysql.go:73.51,75.5 1 0
github.com/Testzyler/banking-api/database/mysql.go:78.4,82.61 2 0
github.com/Testzyler/banking-api/database/mysql.go:82.61,84.5 1 0
github.com/Testzyler/banking-api/database/mysql.go:88.2,88.12 1 0
github.com/Testzyler/banking-api/database/mysql.go:91.34,93.16 2 0
github.com/Testzyler/banking-api/database/mysql.go:93.16,95.3 1 0
github.com/Testzyler/banking-api/database/mysql.go:96.2,96.22 1 0
github.com/Testzyler/banking-api/database/redis.go:20.51,22.2 1 0
github.com/Testzyler/banking-api/database/redis.go:24.57,26.2 1 0
github.com/Testzyler/banking-api/database/redis.go:28.73,31.24 2 1
github.com/Testzyler/banking-api/database/redis.go:31.24,51.3 4 1
github.com/Testzyler/banking-api/database/redis.go:51.8,68.3 3 1
github.com/Testzyler/banking-api/database/redis.go:71.2,74.47 3 1
github.com/Testzyler/banking-api/database/redis.go:74.47,76.3 1 1
github.com/Testzyler/banking-api/database/redis.go:78.2,83.8 2 0
github.com/Testzyler/banking-api/database/redis.go:87.39,88.70 1 0
github.com/Testzyler/banking-api/database/redis.go:88.70,90.3 1 0
github.com/Testzyler/banking-api/database/redis.go:91.2,91.12 1 0
