mode: set
github.com/Testzyler/banking-api/app/features/auth/handler/auth_handler.go:15.71,25.2 6 0
github.com/Testzyler/banking-api/app/features/auth/handler/auth_handler.go:27.57,29.16 2 0
github.com/Testzyler/banking-api/app/features/auth/handler/auth_handler.go:29.16,31.3 1 0
github.com/Testzyler/banking-api/app/features/auth/handler/auth_handler.go:33.2,37.4 1 0
github.com/Testzyler/banking-api/app/features/auth/handler/auth_handler.go:40.53,42.46 2 1
github.com/Testzyler/banking-api/app/features/auth/handler/auth_handler.go:42.46,44.3 1 1
github.com/Testzyler/banking-api/app/features/auth/handler/auth_handler.go:46.2,46.42 1 1
github.com/Testzyler/banking-api/app/features/auth/handler/auth_handler.go:46.42,48.3 1 1
github.com/Testzyler/banking-api/app/features/auth/handler/auth_handler.go:50.2,51.16 2 1
github.com/Testzyler/banking-api/app/features/auth/handler/auth_handler.go:51.16,53.3 1 1
github.com/Testzyler/banking-api/app/features/auth/handler/auth_handler.go:55.2,59.4 1 1
github.com/Testzyler/banking-api/app/features/auth/handler/auth_handler.go:62.56,64.43 2 1
github.com/Testzyler/banking-api/app/features/auth/handler/auth_handler.go:64.43,70.3 1 0
github.com/Testzyler/banking-api/app/features/auth/handler/auth_handler.go:72.2,73.16 2 1
github.com/Testzyler/banking-api/app/features/auth/handler/auth_handler.go:73.16,74.61 1 1
github.com/Testzyler/banking-api/app/features/auth/handler/auth_handler.go:74.61,76.4 1 1
github.com/Testzyler/banking-api/app/features/auth/handler/auth_handler.go:78.3,82.5 1 1
github.com/Testzyler/banking-api/app/features/auth/handler/auth_handler.go:85.2,89.4 1 1
github.com/Testzyler/banking-api/app/features/auth/handler/auth_handler.go:92.60,94.43 2 0
github.com/Testzyler/banking-api/app/features/auth/handler/auth_handler.go:94.43,99.3 1 0
github.com/Testzyler/banking-api/app/features/auth/handler/auth_handler.go:101.2,101.68 1 0
github.com/Testzyler/banking-api/app/features/auth/handler/auth_handler.go:101.68,102.61 1 0
github.com/Testzyler/banking-api/app/features/auth/handler/auth_handler.go:102.61,104.4 1 0
github.com/Testzyler/banking-api/app/features/auth/handler/auth_handler.go:105.3,109.5 1 0
github.com/Testzyler/banking-api/app/features/auth/handler/auth_handler.go:112.2,115.4 1 0
github.com/Testzyler/banking-api/app/features/home/repository/home_repository.go:18.54,22.2 1 1
github.com/Testzyler/banking-api/app/features/home/repository/home_repository.go:24.65,30.34 2 1
github.com/Testzyler/banking-api/app/features/home/repository/home_repository.go:30.34,32.3 1 1
github.com/Testzyler/banking-api/app/features/home/repository/home_repository.go:33.2,33.14 1 1
github.com/Testzyler/banking-api/app/features/home/repository/home_repository.go:36.84,39.50 2 0
github.com/Testzyler/banking-api/app/features/home/repository/home_repository.go:39.50,42.94 2 0
github.com/Testzyler/banking-api/app/features/home/repository/home_repository.go:42.94,44.4 1 0
github.com/Testzyler/banking-api/app/features/home/repository/home_repository.go:45.3,47.31 3 0
github.com/Testzyler/banking-api/app/features/home/repository/home_repository.go:47.31,49.4 1 0
github.com/Testzyler/banking-api/app/features/home/repository/home_repository.go:52.3,57.35 2 0
github.com/Testzyler/banking-api/app/features/home/repository/home_repository.go:57.35,59.4 1 0
github.com/Testzyler/banking-api/app/features/home/repository/home_repository.go:60.3,60.27 1 0
github.com/Testzyler/banking-api/app/features/home/repository/home_repository.go:60.27,72.4 1 0
github.com/Testzyler/banking-api/app/features/home/repository/home_repository.go:75.3,76.72 2 0
github.com/Testzyler/banking-api/app/features/home/repository/home_repository.go:76.72,78.4 1 0
github.com/Testzyler/banking-api/app/features/home/repository/home_repository.go:79.3,79.29 1 0
github.com/Testzyler/banking-api/app/features/home/repository/home_repository.go:79.29,87.4 1 0
github.com/Testzyler/banking-api/app/features/home/repository/home_repository.go:90.3,91.77 2 0
github.com/Testzyler/banking-api/app/features/home/repository/home_repository.go:91.77,93.4 1 0
github.com/Testzyler/banking-api/app/features/home/repository/home_repository.go:94.3,94.34 1 0
github.com/Testzyler/banking-api/app/features/home/repository/home_repository.go:94.34,102.4 1 0
github.com/Testzyler/banking-api/app/features/home/repository/home_repository.go:105.3,110.38 2 0
github.com/Testzyler/banking-api/app/features/home/repository/home_repository.go:110.38,112.4 1 0
github.com/Testzyler/banking-api/app/features/home/repository/home_repository.go:114.3,115.32 2 0
github.com/Testzyler/banking-api/app/features/home/repository/home_repository.go:115.32,117.39 2 0
github.com/Testzyler/banking-api/app/features/home/repository/home_repository.go:117.39,124.5 1 0
github.com/Testzyler/banking-api/app/features/home/repository/home_repository.go:125.4,138.38 2 0
github.com/Testzyler/banking-api/app/features/home/repository/home_repository.go:140.3,142.13 2 0
github.com/Testzyler/banking-api/app/features/home/repository/home_repository.go:145.2,145.16 1 0
github.com/Testzyler/banking-api/app/features/home/repository/home_repository.go:145.16,147.3 1 0
github.com/Testzyler/banking-api/app/features/home/repository/home_repository.go:148.2,148.22 1 0
github.com/Testzyler/banking-api/app/features/auth/service/auth_service.go:31.117,33.2 1 1
github.com/Testzyler/banking-api/app/features/auth/service/auth_service.go:35.89,37.16 2 0
github.com/Testzyler/banking-api/app/features/auth/service/auth_service.go:37.16,39.3 1 0
github.com/Testzyler/banking-api/app/features/auth/service/auth_service.go:40.2,40.20 1 0
github.com/Testzyler/banking-api/app/features/auth/service/auth_service.go:43.120,45.16 2 1
github.com/Testzyler/banking-api/app/features/auth/service/auth_service.go:45.16,46.45 1 1
github.com/Testzyler/banking-api/app/features/auth/service/auth_service.go:46.45,48.4 1 1
github.com/Testzyler/banking-api/app/features/auth/service/auth_service.go:49.3,49.18 1 1
github.com/Testzyler/banking-api/app/features/auth/service/auth_service.go:52.2,55.16 3 1
github.com/Testzyler/banking-api/app/features/auth/service/auth_service.go:55.16,63.3 2 1
github.com/Testzyler/banking-api/app/features/auth/service/auth_service.go:65.2,65.70 1 1
github.com/Testzyler/banking-api/app/features/auth/service/auth_service.go:65.70,67.3 1 1
github.com/Testzyler/banking-api/app/features/auth/service/auth_service.go:69.2,69.55 1 1
github.com/Testzyler/banking-api/app/features/auth/service/auth_service.go:69.55,71.3 1 1
github.com/Testzyler/banking-api/app/features/auth/service/auth_service.go:73.2,73.72 1 1
github.com/Testzyler/banking-api/app/features/auth/service/auth_service.go:73.72,75.3 1 0
github.com/Testzyler/banking-api/app/features/auth/service/auth_service.go:78.2,79.16 2 1
github.com/Testzyler/banking-api/app/features/auth/service/auth_service.go:79.16,81.3 1 0
github.com/Testzyler/banking-api/app/features/auth/service/auth_service.go:84.2,85.81 2 1
github.com/Testzyler/banking-api/app/features/auth/service/auth_service.go:85.81,87.3 1 0
github.com/Testzyler/banking-api/app/features/auth/service/auth_service.go:89.2,89.27 1 1
github.com/Testzyler/banking-api/app/features/auth/service/auth_service.go:92.91,93.78 1 1
github.com/Testzyler/banking-api/app/features/auth/service/auth_service.go:93.78,96.3 2 1
github.com/Testzyler/banking-api/app/features/auth/service/auth_service.go:97.2,97.17 1 1
github.com/Testzyler/banking-api/app/features/auth/service/auth_service.go:100.52,102.2 1 1
github.com/Testzyler/banking-api/app/features/auth/service/auth_service.go:104.104,106.16 2 1
github.com/Testzyler/banking-api/app/features/auth/service/auth_service.go:106.16,108.3 1 1
github.com/Testzyler/banking-api/app/features/auth/service/auth_service.go:110.2,114.47 4 1
github.com/Testzyler/banking-api/app/features/auth/service/auth_service.go:114.47,119.37 3 1
github.com/Testzyler/banking-api/app/features/auth/service/auth_service.go:119.37,121.4 1 1
github.com/Testzyler/banking-api/app/features/auth/service/auth_service.go:123.3,126.131 2 1
github.com/Testzyler/banking-api/app/features/auth/service/auth_service.go:126.131,128.4 1 1
github.com/Testzyler/banking-api/app/features/auth/service/auth_service.go:130.3,130.60 1 1
github.com/Testzyler/banking-api/app/features/auth/service/auth_service.go:133.2,134.56 2 1
github.com/Testzyler/banking-api/app/features/auth/service/auth_service.go:137.90,139.16 2 1
github.com/Testzyler/banking-api/app/features/auth/service/auth_service.go:139.16,141.3 1 1
github.com/Testzyler/banking-api/app/features/auth/service/auth_service.go:144.2,144.32 1 1
github.com/Testzyler/banking-api/app/features/auth/service/auth_service.go:144.32,146.91 2 1
github.com/Testzyler/banking-api/app/features/auth/service/auth_service.go:146.91,148.4 1 0
github.com/Testzyler/banking-api/app/features/auth/service/auth_service.go:151.2,151.27 1 1
github.com/Testzyler/banking-api/app/features/auth/service/auth_service.go:154.74,156.75 2 0
github.com/Testzyler/banking-api/app/features/auth/service/auth_service.go:156.75,158.3 1 0
github.com/Testzyler/banking-api/app/features/auth/service/auth_service.go:160.2,161.12 2 0
github.com/Testzyler/banking-api/app/features/auth/service/jwt_service.go:30.90,32.2 1 1
github.com/Testzyler/banking-api/app/features/auth/service/jwt_service.go:34.95,46.16 5 1
github.com/Testzyler/banking-api/app/features/auth/service/jwt_service.go:46.16,48.3 1 0
github.com/Testzyler/banking-api/app/features/auth/service/jwt_service.go:50.2,59.16 4 1
github.com/Testzyler/banking-api/app/features/auth/service/jwt_service.go:59.16,61.3 1 0
github.com/Testzyler/banking-api/app/features/auth/service/jwt_service.go:63.2,69.8 1 1
github.com/Testzyler/banking-api/app/features/auth/service/jwt_service.go:72.99,76.25 3 1
github.com/Testzyler/banking-api/app/features/auth/service/jwt_service.go:77.16,79.47 2 1
github.com/Testzyler/banking-api/app/features/auth/service/jwt_service.go:80.17,82.48 2 1
github.com/Testzyler/banking-api/app/features/auth/service/jwt_service.go:83.10,84.59 1 1
github.com/Testzyler/banking-api/app/features/auth/service/jwt_service.go:87.2,108.16 6 1
github.com/Testzyler/banking-api/app/features/auth/service/jwt_service.go:108.16,110.3 1 0
github.com/Testzyler/banking-api/app/features/auth/service/jwt_service.go:112.2,112.37 1 1
github.com/Testzyler/banking-api/app/features/auth/service/jwt_service.go:115.88,117.2 1 1
github.com/Testzyler/banking-api/app/features/auth/service/jwt_service.go:119.89,121.2 1 1
github.com/Testzyler/banking-api/app/features/auth/service/jwt_service.go:123.104,124.23 1 1
github.com/Testzyler/banking-api/app/features/auth/service/jwt_service.go:124.23,126.3 1 1
github.com/Testzyler/banking-api/app/features/auth/service/jwt_service.go:128.2,128.113 1 1
github.com/Testzyler/banking-api/app/features/auth/service/jwt_service.go:128.113,129.58 1 1
github.com/Testzyler/banking-api/app/features/auth/service/jwt_service.go:129.58,131.4 1 0
github.com/Testzyler/banking-api/app/features/auth/service/jwt_service.go:132.3,132.29 1 1
github.com/Testzyler/banking-api/app/features/auth/service/jwt_service.go:135.2,135.16 1 1
github.com/Testzyler/banking-api/app/features/auth/service/jwt_service.go:135.16,136.42 1 1
github.com/Testzyler/banking-api/app/features/auth/service/jwt_service.go:136.42,138.4 1 1
github.com/Testzyler/banking-api/app/features/auth/service/jwt_service.go:139.3,139.18 1 1
github.com/Testzyler/banking-api/app/features/auth/service/jwt_service.go:142.2,142.70 1 1
github.com/Testzyler/banking-api/app/features/auth/service/jwt_service.go:142.70,143.34 1 1
github.com/Testzyler/banking-api/app/features/auth/service/jwt_service.go:143.34,145.4 1 0
github.com/Testzyler/banking-api/app/features/auth/service/jwt_service.go:146.3,146.21 1 1
github.com/Testzyler/banking-api/app/features/auth/service/jwt_service.go:149.2,149.39 1 0
github.com/Testzyler/banking-api/app/features/auth/service/jwt_service.go:152.101,154.16 2 1
github.com/Testzyler/banking-api/app/features/auth/service/jwt_service.go:154.16,156.3 1 1
github.com/Testzyler/banking-api/app/features/auth/service/jwt_service.go:158.2,169.16 5 1
github.com/Testzyler/banking-api/app/features/auth/service/jwt_service.go:169.16,171.3 1 0
github.com/Testzyler/banking-api/app/features/auth/service/jwt_service.go:173.2,180.8 1 1
github.com/Testzyler/banking-api/app/features/auth/service/jwt_service.go:183.109,185.16 2 0
github.com/Testzyler/banking-api/app/features/auth/service/jwt_service.go:185.16,191.3 1 0
github.com/Testzyler/banking-api/app/features/auth/service/jwt_service.go:193.2,193.23 1 0
github.com/Testzyler/banking-api/app/features/auth/service/jwt_service.go:193.23,199.3 1 0
github.com/Testzyler/banking-api/app/features/auth/service/jwt_service.go:201.2,203.16 3 0
github.com/Testzyler/banking-api/app/features/auth/service/jwt_service.go:203.16,210.3 2 0
github.com/Testzyler/banking-api/app/features/auth/service/jwt_service.go:212.2,212.14 1 0
github.com/Testzyler/banking-api/app/features/auth/service/jwt_service.go:212.14,218.3 1 0
github.com/Testzyler/banking-api/app/features/auth/service/jwt_service.go:220.2,221.16 2 0
github.com/Testzyler/banking-api/app/features/auth/service/jwt_service.go:221.16,228.3 2 0
github.com/Testzyler/banking-api/app/features/auth/service/jwt_service.go:230.2,230.29 1 0
github.com/Testzyler/banking-api/app/features/auth/service/jwt_service.go:230.29,236.3 1 0
github.com/Testzyler/banking-api/app/features/auth/service/jwt_service.go:238.2,243.8 1 0
github.com/Testzyler/banking-api/app/features/auth/repository/auth_repository.go:42.85,44.20 2 1
github.com/Testzyler/banking-api/app/features/auth/repository/auth_repository.go:44.20,46.3 1 1
github.com/Testzyler/banking-api/app/features/auth/repository/auth_repository.go:48.2,51.3 1 1
github.com/Testzyler/banking-api/app/features/auth/repository/auth_repository.go:55.62,57.2 1 1
github.com/Testzyler/banking-api/app/features/auth/repository/auth_repository.go:59.64,61.2 1 1
github.com/Testzyler/banking-api/app/features/auth/repository/auth_repository.go:63.62,65.2 1 1
github.com/Testzyler/banking-api/app/features/auth/repository/auth_repository.go:67.63,68.26 1 0
github.com/Testzyler/banking-api/app/features/auth/repository/auth_repository.go:68.26,70.3 1 0
github.com/Testzyler/banking-api/app/features/auth/repository/auth_repository.go:71.2,72.61 2 0
github.com/Testzyler/banking-api/app/features/auth/repository/auth_repository.go:75.65,76.26 1 0
github.com/Testzyler/banking-api/app/features/auth/repository/auth_repository.go:76.26,78.3 1 0
github.com/Testzyler/banking-api/app/features/auth/repository/auth_repository.go:79.2,80.66 2 0
github.com/Testzyler/banking-api/app/features/auth/repository/auth_repository.go:83.80,86.26 2 1
github.com/Testzyler/banking-api/app/features/auth/repository/auth_repository.go:86.26,89.17 3 1
github.com/Testzyler/banking-api/app/features/auth/repository/auth_repository.go:89.17,91.64 2 1
github.com/Testzyler/banking-api/app/features/auth/repository/auth_repository.go:91.64,93.5 1 1
github.com/Testzyler/banking-api/app/features/auth/repository/auth_repository.go:98.2,104.16 3 1
github.com/Testzyler/banking-api/app/features/auth/repository/auth_repository.go:104.16,106.3 1 1
github.com/Testzyler/banking-api/app/features/auth/repository/auth_repository.go:109.2,109.26 1 1
github.com/Testzyler/banking-api/app/features/auth/repository/auth_repository.go:109.26,110.13 1 1
github.com/Testzyler/banking-api/app/features/auth/repository/auth_repository.go:110.13,113.18 3 1
github.com/Testzyler/banking-api/app/features/auth/repository/auth_repository.go:113.18,116.5 1 1
github.com/Testzyler/banking-api/app/features/auth/repository/auth_repository.go:120.2,120.19 1 1
github.com/Testzyler/banking-api/app/features/auth/repository/auth_repository.go:123.114,124.26 1 1
github.com/Testzyler/banking-api/app/features/auth/repository/auth_repository.go:124.26,126.3 1 0
github.com/Testzyler/banking-api/app/features/auth/repository/auth_repository.go:128.2,130.16 3 1
github.com/Testzyler/banking-api/app/features/auth/repository/auth_repository.go:130.16,131.23 1 1
github.com/Testzyler/banking-api/app/features/auth/repository/auth_repository.go:131.23,133.4 1 1
github.com/Testzyler/banking-api/app/features/auth/repository/auth_repository.go:134.3,134.79 1 0
github.com/Testzyler/banking-api/app/features/auth/repository/auth_repository.go:137.2,138.62 2 1
github.com/Testzyler/banking-api/app/features/auth/repository/auth_repository.go:138.62,140.3 1 0
github.com/Testzyler/banking-api/app/features/auth/repository/auth_repository.go:142.2,142.19 1 1
github.com/Testzyler/banking-api/app/features/auth/repository/auth_repository.go:145.136,146.26 1 1
github.com/Testzyler/banking-api/app/features/auth/repository/auth_repository.go:146.26,148.3 1 0
github.com/Testzyler/banking-api/app/features/auth/repository/auth_repository.go:150.2,152.16 3 1
github.com/Testzyler/banking-api/app/features/auth/repository/auth_repository.go:152.16,154.3 1 0
github.com/Testzyler/banking-api/app/features/auth/repository/auth_repository.go:156.2,156.65 1 1
github.com/Testzyler/banking-api/app/features/auth/repository/auth_repository.go:159.120,161.16 2 1
github.com/Testzyler/banking-api/app/features/auth/repository/auth_repository.go:161.16,166.22 3 0
github.com/Testzyler/banking-api/app/features/auth/repository/auth_repository.go:166.22,168.4 1 0
github.com/Testzyler/banking-api/app/features/auth/repository/auth_repository.go:169.3,174.4 1 0
github.com/Testzyler/banking-api/app/features/auth/repository/auth_repository.go:177.2,183.68 5 1
github.com/Testzyler/banking-api/app/features/auth/repository/auth_repository.go:183.68,185.3 1 0
github.com/Testzyler/banking-api/app/features/auth/repository/auth_repository.go:188.2,188.12 1 1
github.com/Testzyler/banking-api/app/features/auth/repository/auth_repository.go:188.12,189.84 1 1
github.com/Testzyler/banking-api/app/features/auth/repository/auth_repository.go:189.84,191.4 1 1
github.com/Testzyler/banking-api/app/features/auth/repository/auth_repository.go:191.9,191.89 1 0
github.com/Testzyler/banking-api/app/features/auth/repository/auth_repository.go:191.89,193.4 1 0
github.com/Testzyler/banking-api/app/features/auth/repository/auth_repository.go:193.9,195.4 1 0
github.com/Testzyler/banking-api/app/features/auth/repository/auth_repository.go:198.2,198.18 1 1
github.com/Testzyler/banking-api/app/features/auth/repository/auth_repository.go:201.148,203.16 2 0
github.com/Testzyler/banking-api/app/features/auth/repository/auth_repository.go:203.16,205.3 1 0
github.com/Testzyler/banking-api/app/features/auth/repository/auth_repository.go:207.2,212.12 4 0
github.com/Testzyler/banking-api/app/features/auth/repository/auth_repository.go:212.12,214.17 2 0
github.com/Testzyler/banking-api/app/features/auth/repository/auth_repository.go:214.17,216.4 1 0
github.com/Testzyler/banking-api/app/features/auth/repository/auth_repository.go:217.3,217.89 1 0
github.com/Testzyler/banking-api/app/features/auth/repository/auth_repository.go:217.89,218.67 1 0
github.com/Testzyler/banking-api/app/features/auth/repository/auth_repository.go:218.67,220.5 1 0
github.com/Testzyler/banking-api/app/features/auth/repository/auth_repository.go:220.10,220.73 1 0
github.com/Testzyler/banking-api/app/features/auth/repository/auth_repository.go:220.73,222.5 1 0
github.com/Testzyler/banking-api/app/features/auth/repository/auth_repository.go:222.10,222.75 1 0
github.com/Testzyler/banking-api/app/features/auth/repository/auth_repository.go:222.75,224.5 1 0
github.com/Testzyler/banking-api/app/features/auth/repository/auth_repository.go:224.10,226.5 1 0
github.com/Testzyler/banking-api/app/features/auth/repository/auth_repository.go:231.2,232.68 2 0
github.com/Testzyler/banking-api/app/features/auth/repository/auth_repository.go:232.68,234.3 1 0
github.com/Testzyler/banking-api/app/features/auth/repository/auth_repository.go:236.2,236.12 1 0
github.com/Testzyler/banking-api/app/features/auth/repository/auth_repository.go:239.85,248.12 2 0
github.com/Testzyler/banking-api/app/features/auth/repository/auth_repository.go:248.12,250.17 2 0
github.com/Testzyler/banking-api/app/features/auth/repository/auth_repository.go:250.17,252.4 1 0
github.com/Testzyler/banking-api/app/features/auth/repository/auth_repository.go:253.3,253.89 1 0
github.com/Testzyler/banking-api/app/features/auth/repository/auth_repository.go:253.89,254.67 1 0
github.com/Testzyler/banking-api/app/features/auth/repository/auth_repository.go:254.67,256.5 1 0
github.com/Testzyler/banking-api/app/features/auth/repository/auth_repository.go:256.10,256.73 1 0
github.com/Testzyler/banking-api/app/features/auth/repository/auth_repository.go:256.73,258.5 1 0
github.com/Testzyler/banking-api/app/features/auth/repository/auth_repository.go:258.10,258.75 1 0
github.com/Testzyler/banking-api/app/features/auth/repository/auth_repository.go:258.75,260.5 1 0
github.com/Testzyler/banking-api/app/features/auth/repository/auth_repository.go:260.10,262.5 1 0
github.com/Testzyler/banking-api/app/features/auth/repository/auth_repository.go:267.2,268.68 2 0
github.com/Testzyler/banking-api/app/features/auth/repository/auth_repository.go:268.68,270.3 1 0
github.com/Testzyler/banking-api/app/features/auth/repository/auth_repository.go:272.2,272.12 1 0
github.com/Testzyler/banking-api/app/features/auth/repository/auth_repository.go:275.93,276.26 1 0
github.com/Testzyler/banking-api/app/features/auth/repository/auth_repository.go:276.26,278.3 1 0
github.com/Testzyler/banking-api/app/features/auth/repository/auth_repository.go:281.2,283.16 3 0
github.com/Testzyler/banking-api/app/features/auth/repository/auth_repository.go:283.16,285.3 1 0
github.com/Testzyler/banking-api/app/features/auth/repository/auth_repository.go:288.2,288.34 1 0
github.com/Testzyler/banking-api/app/features/auth/repository/auth_repository.go:288.34,290.74 2 0
github.com/Testzyler/banking-api/app/features/auth/repository/auth_repository.go:290.74,292.12 2 0
github.com/Testzyler/banking-api/app/features/auth/repository/auth_repository.go:295.3,295.80 1 0
github.com/Testzyler/banking-api/app/features/auth/repository/auth_repository.go:295.80,297.4 1 0
github.com/Testzyler/banking-api/app/features/auth/repository/auth_repository.go:300.2,301.12 2 0
github.com/Testzyler/banking-api/app/features/auth/repository/auth_repository.go:304.94,305.26 1 0
github.com/Testzyler/banking-api/app/features/auth/repository/auth_repository.go:305.26,307.3 1 0
github.com/Testzyler/banking-api/app/features/auth/repository/auth_repository.go:309.2,319.16 4 0
github.com/Testzyler/banking-api/app/features/auth/repository/auth_repository.go:319.16,321.3 1 0
github.com/Testzyler/banking-api/app/features/auth/repository/auth_repository.go:323.2,323.98 1 0
github.com/Testzyler/banking-api/app/features/auth/repository/auth_repository.go:323.98,325.3 1 0
github.com/Testzyler/banking-api/app/features/auth/repository/auth_repository.go:327.2,327.12 1 0
github.com/Testzyler/banking-api/app/features/auth/repository/auth_repository.go:330.91,331.26 1 1
github.com/Testzyler/banking-api/app/features/auth/repository/auth_repository.go:331.26,333.3 1 0
github.com/Testzyler/banking-api/app/features/auth/repository/auth_repository.go:335.2,337.16 3 1
github.com/Testzyler/banking-api/app/features/auth/repository/auth_repository.go:337.16,338.23 1 1
github.com/Testzyler/banking-api/app/features/auth/repository/auth_repository.go:338.23,340.4 1 1
github.com/Testzyler/banking-api/app/features/auth/repository/auth_repository.go:341.3,341.68 1 1
github.com/Testzyler/banking-api/app/features/auth/repository/auth_repository.go:345.2,345.26 1 1
github.com/Testzyler/banking-api/app/features/auth/repository/auth_repository.go:348.129,354.43 3 0
github.com/Testzyler/banking-api/app/features/auth/repository/auth_repository.go:354.43,360.3 1 0
github.com/Testzyler/banking-api/app/features/auth/repository/auth_repository.go:362.2,365.8 1 0
github.com/Testzyler/banking-api/app/features/auth/repository/auth_repository.go:368.72,369.26 1 0
github.com/Testzyler/banking-api/app/features/auth/repository/auth_repository.go:369.26,371.3 1 0
github.com/Testzyler/banking-api/app/features/auth/repository/auth_repository.go:373.2,374.6 2 0
github.com/Testzyler/banking-api/app/features/auth/repository/auth_repository.go:374.6,376.17 2 0
github.com/Testzyler/banking-api/app/features/auth/repository/auth_repository.go:376.17,378.4 1 0
github.com/Testzyler/banking-api/app/features/auth/repository/auth_repository.go:380.3,380.28 1 0
github.com/Testzyler/banking-api/app/features/auth/repository/auth_repository.go:380.28,383.18 2 0
github.com/Testzyler/banking-api/app/features/auth/repository/auth_repository.go:383.18,385.13 2 0
github.com/Testzyler/banking-api/app/features/auth/repository/auth_repository.go:387.4,387.19 1 0
github.com/Testzyler/banking-api/app/features/auth/repository/auth_repository.go:387.19,389.5 1 0
github.com/Testzyler/banking-api/app/features/auth/repository/auth_repository.go:392.3,393.18 2 0
github.com/Testzyler/banking-api/app/features/auth/repository/auth_repository.go:393.18,394.9 1 0
github.com/Testzyler/banking-api/app/features/auth/repository/auth_repository.go:398.2,398.12 1 0
github.com/Testzyler/banking-api/app/features/auth/repository/auth_repository.go:401.118,402.26 1 1
github.com/Testzyler/banking-api/app/features/auth/repository/auth_repository.go:402.26,404.3 1 0
github.com/Testzyler/banking-api/app/features/auth/repository/auth_repository.go:406.2,408.16 3 1
github.com/Testzyler/banking-api/app/features/auth/repository/auth_repository.go:408.16,410.3 1 0
github.com/Testzyler/banking-api/app/features/auth/repository/auth_repository.go:413.2,413.78 1 1
github.com/Testzyler/banking-api/app/features/auth/repository/auth_repository.go:413.78,415.3 1 1
github.com/Testzyler/banking-api/app/features/auth/repository/auth_repository.go:418.2,418.36 1 1
github.com/Testzyler/banking-api/app/features/auth/repository/auth_repository.go:418.36,420.14 2 0
github.com/Testzyler/banking-api/app/features/auth/repository/auth_repository.go:420.14,421.68 1 0
github.com/Testzyler/banking-api/app/features/auth/repository/auth_repository.go:421.68,423.5 1 0
github.com/Testzyler/banking-api/app/features/auth/repository/auth_repository.go:427.2,427.12 1 1
github.com/Testzyler/banking-api/app/features/auth/repository/auth_repository.go:430.96,431.26 1 0
github.com/Testzyler/banking-api/app/features/auth/repository/auth_repository.go:431.26,433.3 1 0
github.com/Testzyler/banking-api/app/features/auth/repository/auth_repository.go:435.2,438.6 3 0
github.com/Testzyler/banking-api/app/features/auth/repository/auth_repository.go:438.6,440.17 2 0
github.com/Testzyler/banking-api/app/features/auth/repository/auth_repository.go:440.17,442.4 1 0
github.com/Testzyler/banking-api/app/features/auth/repository/auth_repository.go:445.3,445.28 1 0
github.com/Testzyler/banking-api/app/features/auth/repository/auth_repository.go:445.28,448.18 3 0
github.com/Testzyler/banking-api/app/features/auth/repository/auth_repository.go:448.18,450.13 2 0
github.com/Testzyler/banking-api/app/features/auth/repository/auth_repository.go:453.4,453.36 1 0
github.com/Testzyler/banking-api/app/features/auth/repository/auth_repository.go:453.36,455.76 2 0
github.com/Testzyler/banking-api/app/features/auth/repository/auth_repository.go:455.76,457.14 2 0
github.com/Testzyler/banking-api/app/features/auth/repository/auth_repository.go:459.5,459.65 1 0
github.com/Testzyler/banking-api/app/features/auth/repository/auth_repository.go:463.3,464.18 2 0
github.com/Testzyler/banking-api/app/features/auth/repository/auth_repository.go:464.18,465.9 1 0
github.com/Testzyler/banking-api/app/features/auth/repository/auth_repository.go:469.2,469.31 1 0
github.com/Testzyler/banking-api/app/features/auth/repository/auth_repository.go:473.95,475.2 1 1
github.com/Testzyler/banking-api/app/features/auth/repository/auth_repository.go:477.96,479.2 1 1
github.com/Testzyler/banking-api/app/features/auth/repository/auth_repository.go:481.100,483.2 1 0
github.com/Testzyler/banking-api/app/features/home/service/home_service.go:16.66,20.2 1 1
github.com/Testzyler/banking-api/app/features/home/service/home_service.go:22.81,24.16 2 1
github.com/Testzyler/banking-api/app/features/home/service/home_service.go:24.16,26.3 1 1
github.com/Testzyler/banking-api/app/features/home/service/home_service.go:28.2,28.22 1 1
